2026-07-09 19:06:09,192 - aiogram.dispatcher - INFO - Start polling
2026-07-09 19:06:09,262 - aiogram.dispatcher - INFO - Run polling for bot @shop_ex_bot id=8729090210 - 'Shop_Example'
2026-07-09 19:06:14,319 - app.handlers.user_handlers - INFO - Пользователь 1547682916 запустил бота (/start)
2026-07-09 19:06:14,324 - app.handlers.user_handlers - INFO - Вернувшийся пользователь 1547682916 вошел в систему
2026-07-09 19:06:14,681 - aiogram.event - INFO - Update id=521452640 is handled. Duration 366 ms by bot id=8729090210
2026-07-09 19:06:35,106 - app.handlers.user_handlers - INFO - Пользователь 1547682916 запросил профиль
2026-07-09 19:06:35,427 - aiogram.event - INFO - Update id=521452641 is handled. Duration 321 ms by bot id=8729090210
2026-07-09 19:06:38,165 - app.handlers.user_handlers - INFO - Пользователь 1547682916 перешел в главное меню
2026-07-09 19:06:38,447 - aiogram.event - INFO - Update id=521452642 is handled. Duration 282 ms by bot id=8729090210
2026-07-09 19:06:40,502 - app.handlers.user_handlers - INFO - Пользователь 1547682916 нажал кнопку отзывов
2026-07-09 19:06:40,792 - aiogram.event - INFO - Update id=521452643 is handled. Duration 290 ms by bot id=8729090210
2026-07-09 19:06:44,333 - app.handlers.user_handlers - INFO - Пользователь 1547682916 перешел в главное меню
2026-07-09 19:06:44,637 - aiogram.event - INFO - Update id=521452644 is handled. Duration 304 ms by bot id=8729090210
2026-07-09 19:07:53,755 - app.handlers.user_handlers - INFO - Пользователь 1547682916 открыл каталог категорий
2026-07-09 19:07:54,036 - aiogram.event - INFO - Update id=521452645 is handled. Duration 282 ms by bot id=8729090210
2026-07-09 19:07:54,766 - app.handlers.user_handlers - INFO - Пользователь 1547682916 выбрал ID категории: 1
2026-07-09 19:07:55,249 - aiogram.event - INFO - Update id=521452646 is handled. Duration 483 ms by bot id=8729090210
2026-07-09 19:07:55,790 - app.handlers.user_handlers - INFO - Пользователь 1547682916 выбрал товар ID: 1
2026-07-09 19:07:56,169 - aiogram.event - INFO - Update id=521452647 is handled. Duration 380 ms by bot id=8729090210
2026-07-09 19:07:59,818 - app.handlers.user_handlers - INFO - Пользователь 1547682916 увеличивает количество (было: 1)
2026-07-09 19:08:00,005 - aiogram.event - INFO - Update id=521452648 is handled. Duration 188 ms by bot id=8729090210
2026-07-09 19:19:30,756 - app.handlers.user_handlers - INFO - Пользователь 1547682916 вернулся из карточки товара к другим товарам: 
2026-07-09 19:19:31,066 - aiogram.event - INFO - Update id=521452649 is handled. Duration 310 ms by bot id=8729090210
2026-07-09 20:03:16,371 - aiogram.dispatcher - INFO - Start polling
2026-07-09 20:03:16,447 - aiogram.dispatcher - INFO - Run polling for bot @shop_ex_bot id=8729090210 - 'Shop_Example'
2026-07-09 20:03:22,412 - app.handlers.user_handlers - INFO - Пользователь 1547682916 запустил бота (/start)
2026-07-09 20:03:22,412 - app.handlers.user_handlers - INFO - Вернувшийся пользователь 1547682916 вошел в систему
2026-07-09 20:03:22,791 - aiogram.event - INFO - Update id=521452650 is handled. Duration 379 ms by bot id=8729090210
2026-07-09 20:03:41,459 - aiogram.dispatcher - INFO - Start polling
2026-07-09 20:03:41,528 - aiogram.dispatcher - INFO - Run polling for bot @shop_ex_bot id=8729090210 - 'Shop_Example'
2026-07-09 20:03:47,406 - app.handlers.user_handlers - INFO - Пользователь 1547682916 запустил бота (/start)
2026-07-09 20:03:47,406 - app.handlers.user_handlers - INFO - Вернувшийся пользователь 1547682916 вошел в систему
2026-07-09 20:03:47,762 - aiogram.event - INFO - Update id=521452651 is handled. Duration 356 ms by bot id=8729090210
2026-07-09 20:04:10,125 - aiogram.dispatcher - INFO - Start polling
2026-07-09 20:04:10,197 - aiogram.dispatcher - INFO - Run polling for bot @shop_ex_bot id=8729090210 - 'Shop_Example'
2026-07-09 20:04:12,085 - app.handlers.user_handlers - INFO - Пользователь 1547682916 запустил бота (/start)
2026-07-09 20:04:12,085 - app.handlers.user_handlers - INFO - Вернувшийся пользователь 1547682916 вошел в систему
2026-07-09 20:04:12,431 - aiogram.event - INFO - Update id=521452652 is handled. Duration 345 ms by bot id=8729090210
2026-07-09 20:04:19,287 - app.handlers.user_handlers - INFO - Пользователь 1547682916 запросил профиль
2026-07-09 20:04:19,373 - app.handlers.user_handlers - ERROR - Ошибка при генерации профиля для 1547682916: 'coroutine' object has no attribute 'name'
Traceback (most recent call last):
  File "C:\Users\Admin\Desktop\shop_bot\venv\app\handlers\user_handlers.py", line 107, in profile
    caption=f"Ваш профиль:\nИмя: {user.name}\nКоличество заказов: {user.count_of_orders}\nНакопленные баллы: {user.payment_score}",
                                  ^^^^^^^^^
AttributeError: 'coroutine' object has no attribute 'name'
2026-07-09 20:04:19,461 - aiogram.event - INFO - Update id=521452653 is not handled. Duration 175 ms by bot id=8729090210
2026-07-09 20:04:19,462 - aiogram.event - ERROR - Cause exception while process update id=521452653 by bot id=8729090210
AttributeError: 'coroutine' object has no attribute 'name'
Traceback (most recent call last):
  File "C:\Users\Admin\Desktop\shop_bot\venv\app\handlers\user_handlers.py", line 107, in profile
    caption=f"Ваш профиль:\nИмя: {user.name}\nКоличество заказов: {user.count_of_orders}\nНакопленные баллы: {user.payment_score}",
                                  ^^^^^^^^^
AttributeError: 'coroutine' object has no attribute 'name'

During handling of the above exception, another exception occurred:

Traceback (most recent call last):
  File "C:\Users\Admin\Desktop\shop_bot\venv\Lib\site-packages\aiogram\dispatcher\dispatcher.py", line 320, in _process_update
    response = await self.feed_update(bot, update, **kwargs)
               ^^^^^^^^^^^^^^^^^^^^^^^^^^^^^^^^^^^^^^^^^^^^^
  File "C:\Users\Admin\Desktop\shop_bot\venv\Lib\site-packages\aiogram\dispatcher\dispatcher.py", line 164, in feed_update
    response = await self.update.wrap_outer_middleware(
               ^^^^^^^^^^^^^^^^^^^^^^^^^^^^^^^^^^^^^^^^
    ...<7 lines>...
    )
    ^
  File "C:\Users\Admin\Desktop\shop_bot\venv\Lib\site-packages\aiogram\dispatcher\middlewares\error.py", line 27, in __call__
    return await handler(event, data)
           ^^^^^^^^^^^^^^^^^^^^^^^^^^
  File "C:\Users\Admin\Desktop\shop_bot\venv\Lib\site-packages\aiogram\dispatcher\middlewares\user_context.py", line 58, in __call__
    return await handler(event, data)
           ^^^^^^^^^^^^^^^^^^^^^^^^^^
  File "C:\Users\Admin\Desktop\shop_bot\venv\Lib\site-packages\aiogram\fsm\middleware.py", line 43, in __call__
    return await handler(event, data)
           ^^^^^^^^^^^^^^^^^^^^^^^^^^
  File "C:\Users\Admin\Desktop\shop_bot\venv\Lib\site-packages\aiogram\dispatcher\event\telegram.py", line 126, in trigger
    return await wrapped_inner(event, kwargs)
           ^^^^^^^^^^^^^^^^^^^^^^^^^^^^^^^^^^
  File "C:\Users\Admin\Desktop\shop_bot\venv\Lib\site-packages\aiogram\dispatcher\event\handler.py", line 71, in call
    return await wrapped()
           ^^^^^^^^^^^^^^^
  File "C:\Users\Admin\Desktop\shop_bot\venv\Lib\site-packages\aiogram\dispatcher\dispatcher.py", line 283, in _listen_update
    return await self.propagate_event(update_type=update_type, event=event, **kwargs)
           ^^^^^^^^^^^^^^^^^^^^^^^^^^^^^^^^^^^^^^^^^^^^^^^^^^^^^^^^^^^^^^^^^^^^^^^^^^
  File "C:\Users\Admin\Desktop\shop_bot\venv\Lib\site-packages\aiogram\dispatcher\router.py", line 165, in propagate_event
    return await observer.wrap_outer_middleware(_wrapped, event=event, data=kwargs)
           ^^^^^^^^^^^^^^^^^^^^^^^^^^^^^^^^^^^^^^^^^^^^^^^^^^^^^^^^^^^^^^^^^^^^^^^^
  File "C:\Users\Admin\Desktop\shop_bot\venv\Lib\site-packages\aiogram\dispatcher\router.py", line 157, in _wrapped
    return await self._propagate_event(
           ^^^^^^^^^^^^^^^^^^^^^^^^^^^^
    ...<4 lines>...
    )
    ^
  File "C:\Users\Admin\Desktop\shop_bot\venv\Lib\site-packages\aiogram\dispatcher\router.py", line 193, in _propagate_event
    response = await router.propagate_event(update_type=update_type, event=event, **kwargs)
               ^^^^^^^^^^^^^^^^^^^^^^^^^^^^^^^^^^^^^^^^^^^^^^^^^^^^^^^^^^^^^^^^^^^^^^^^^^^^
  File "C:\Users\Admin\Desktop\shop_bot\venv\Lib\site-packages\aiogram\dispatcher\router.py", line 165, in propagate_event
    return await observer.wrap_outer_middleware(_wrapped, event=event, data=kwargs)
           ^^^^^^^^^^^^^^^^^^^^^^^^^^^^^^^^^^^^^^^^^^^^^^^^^^^^^^^^^^^^^^^^^^^^^^^^
  File "C:\Users\Admin\Desktop\shop_bot\venv\Lib\site-packages\aiogram\dispatcher\router.py", line 157, in _wrapped
    return await self._propagate_event(
           ^^^^^^^^^^^^^^^^^^^^^^^^^^^^
    ...<4 lines>...
    )
    ^
  File "C:\Users\Admin\Desktop\shop_bot\venv\Lib\site-packages\aiogram\dispatcher\router.py", line 185, in _propagate_event
    response = await observer.trigger(event, **kwargs)
               ^^^^^^^^^^^^^^^^^^^^^^^^^^^^^^^^^^^^^^^
  File "C:\Users\Admin\Desktop\shop_bot\venv\Lib\site-packages\aiogram\dispatcher\event\telegram.py", line 126, in trigger
    return await wrapped_inner(event, kwargs)
           ^^^^^^^^^^^^^^^^^^^^^^^^^^^^^^^^^^
  File "C:\Users\Admin\Desktop\shop_bot\venv\Lib\site-packages\aiogram\dispatcher\event\handler.py", line 71, in call
    return await wrapped()
           ^^^^^^^^^^^^^^^
  File "C:\Users\Admin\Desktop\shop_bot\venv\app\handlers\user_handlers.py", line 113, in profile
    f"Ваш профиль:\nИмя: {user.name}\nКоличество заказов: {user.count_of_orders}\nНакопленные баллы: {user.payment_score}",
                          ^^^^^^^^^
AttributeError: 'coroutine' object has no attribute 'name'
2026-07-09 20:05:57,794 - aiogram.dispatcher - INFO - Start polling
2026-07-09 20:05:57,864 - aiogram.dispatcher - INFO - Run polling for bot @shop_ex_bot id=8729090210 - 'Shop_Example'
2026-07-09 20:06:17,517 - app.handlers.user_handlers - INFO - Пользователь 1547682916 запустил бота (/start)
2026-07-09 20:06:17,518 - app.handlers.user_handlers - INFO - Вернувшийся пользователь 1547682916 вошел в систему
2026-07-09 20:06:17,844 - aiogram.event - INFO - Update id=521452655 is handled. Duration 326 ms by bot id=8729090210
